  [1m[35m (1.6ms)[0m  [1m[34mSELECT sqlite_version(*)[0m
  [1m[35m (1.1ms)[0m  [1m[35mCREATE TABLE "schema_migrations" ("version" varchar NOT NULL PRIMARY KEY)[0m
  [1m[35m (1.1ms)[0m  [1m[35mCREATE TABLE "ar_internal_metadata" ("key" varchar NOT NULL PRIMARY KEY, "value" varchar, "created_at" datetime(6) NOT NULL, "updated_at" datetime(6) NOT NULL)[0m
  [1m[36mActiveRecord::SchemaMigration Pluck (0.1ms)[0m  [1m[34mSELECT "schema_migrations"."version" FROM "schema_migrations" ORDER BY "schema_migrations"."version" ASC[0m
Migrating to CreateUsbs (20220107142541)
  [1m[36mTRANSACTION (0.1ms)[0m  [1m[36mbegin transaction[0m
  [1m[35m (0.4ms)[0m  [1m[35mCREATE TABLE "usbs" ("id" integer PRIMARY KEY AUTOINCREMENT NOT NULL, "created_at" datetime(6) NOT NULL, "updated_at" datetime(6) NOT NULL)[0m
  [1m[36mActiveRecord::SchemaMigration Create (0.2ms)[0m  [1m[32mINSERT INTO "schema_migrations" ("version") VALUES (?)[0m  [["version", "20220107142541"]]
  [1m[36mTRANSACTION (0.8ms)[0m  [1m[36mcommit transaction[0m
Migrating to CreateArduinos (20220107142550)
  [1m[36mTRANSACTION (0.0ms)[0m  [1m[36mbegin transaction[0m
  [1m[35m (0.3ms)[0m  [1m[35mCREATE TABLE "arduinos" ("id" integer PRIMARY KEY AUTOINCREMENT NOT NULL, "created_at" datetime(6) NOT NULL, "updated_at" datetime(6) NOT NULL)[0m
  [1m[36mActiveRecord::SchemaMigration Create (0.1ms)[0m  [1m[32mINSERT INTO "schema_migrations" ("version") VALUES (?)[0m  [["version", "20220107142550"]]
  [1m[36mTRANSACTION (0.7ms)[0m  [1m[36mcommit transaction[0m
  [1m[36mActiveRecord::InternalMetadata Load (0.1ms)[0m  [1m[34mSELECT "ar_internal_metadata".* FROM "ar_internal_metadata" WHERE "ar_internal_metadata"."key" = ? LIMIT ?[0m  [["key", "environment"], ["LIMIT", 1]]
  [1m[36mTRANSACTION (0.0ms)[0m  [1m[36mbegin transaction[0m
  [1m[36mActiveRecord::InternalMetadata Create (0.3ms)[0m  [1m[32mINSERT INTO "ar_internal_metadata" ("key", "value", "created_at", "updated_at") VALUES (?, ?, ?, ?)[0m  [["key", "environment"], ["value", "development"], ["created_at", "2022-01-07 14:26:10.285493"], ["updated_at", "2022-01-07 14:26:10.285493"]]
  [1m[36mTRANSACTION (0.8ms)[0m  [1m[36mcommit transaction[0m
  [1m[35m (0.1ms)[0m  [1m[34mSELECT sqlite_version(*)[0m
  [1m[36mActiveRecord::SchemaMigration Pluck (0.1ms)[0m  [1m[34mSELECT "schema_migrations"."version" FROM "schema_migrations" ORDER BY "schema_migrations"."version" ASC[0m
Started GET "/" for 127.0.0.1 at 2022-01-07 14:28:46 +0000
  [1m[35m (0.8ms)[0m  [1m[34mSELECT sqlite_version(*)[0m
  [1m[36mActiveRecord::SchemaMigration Pluck (0.1ms)[0m  [1m[34mSELECT "schema_migrations"."version" FROM "schema_migrations" ORDER BY "schema_migrations"."version" ASC[0m
Processing by Rails::WelcomeController#index as HTML
  Rendering /Users/stevenfawcett/.rvm/gems/ruby-2.7.0/gems/railties-7.0.1/lib/rails/templates/rails/welcome/index.html.erb
  Rendered /Users/stevenfawcett/.rvm/gems/ruby-2.7.0/gems/railties-7.0.1/lib/rails/templates/rails/welcome/index.html.erb (Duration: 3.5ms | Allocations: 672)
Completed 200 OK in 33ms (Views: 10.0ms | ActiveRecord: 0.0ms | Allocations: 6487)


Started GET "/usb" for 127.0.0.1 at 2022-01-07 14:28:53 +0000
  
ActionController::RoutingError (No route matches [GET] "/usb"):
  
Started GET "/usbs" for 127.0.0.1 at 2022-01-07 14:29:03 +0000
Processing by UsbsController#index as HTML
  [1m[36mUsb Load (0.2ms)[0m  [1m[34mSELECT "usbs".* FROM "usbs"[0m
  ↳ app/controllers/usbs_controller.rb:8:in `index'
Completed 200 OK in 4ms (Views: 0.9ms | ActiveRecord: 0.2ms | Allocations: 1137)


Started GET "/arduinos" for 127.0.0.1 at 2022-01-07 14:29:13 +0000
Processing by ArduinosController#index as HTML
  [1m[36mArduino Load (0.2ms)[0m  [1m[34mSELECT "arduinos".* FROM "arduinos"[0m
  ↳ app/controllers/arduinos_controller.rb:8:in `index'
Completed 200 OK in 3ms (Views: 0.9ms | ActiveRecord: 0.2ms | Allocations: 911)


Started GET "/usb" for 127.0.0.1 at 2022-01-07 14:32:35 +0000
  [1m[35m (0.7ms)[0m  [1m[34mSELECT sqlite_version(*)[0m
  [1m[36mActiveRecord::SchemaMigration Pluck (0.1ms)[0m  [1m[34mSELECT "schema_migrations"."version" FROM "schema_migrations" ORDER BY "schema_migrations"."version" ASC[0m
  
ActionController::RoutingError (No route matches [GET] "/usb"):
  
Started GET "/usb" for 127.0.0.1 at 2022-01-07 14:38:41 +0000
  [1m[35m (0.6ms)[0m  [1m[34mSELECT sqlite_version(*)[0m
  [1m[36mActiveRecord::SchemaMigration Pluck (0.1ms)[0m  [1m[34mSELECT "schema_migrations"."version" FROM "schema_migrations" ORDER BY "schema_migrations"."version" ASC[0m
  
ActionController::RoutingError (No route matches [GET] "/usb"):
  
Started GET "/usb" for 127.0.0.1 at 2022-01-07 14:41:10 +0000
  [1m[35m (0.6ms)[0m  [1m[34mSELECT sqlite_version(*)[0m
  [1m[36mActiveRecord::SchemaMigration Pluck (0.2ms)[0m  [1m[34mSELECT "schema_migrations"."version" FROM "schema_migrations" ORDER BY "schema_migrations"."version" ASC[0m
  
ActionController::RoutingError (No route matches [GET] "/usb"):
  
Started GET "/usb" for 127.0.0.1 at 2022-01-07 14:42:05 +0000
  [1m[35m (0.6ms)[0m  [1m[34mSELECT sqlite_version(*)[0m
  [1m[36mActiveRecord::SchemaMigration Pluck (0.1ms)[0m  [1m[34mSELECT "schema_migrations"."version" FROM "schema_migrations" ORDER BY "schema_migrations"."version" ASC[0m
  
ActionController::RoutingError (No route matches [GET] "/usb"):
  
Started GET "/usb" for 127.0.0.1 at 2022-01-07 14:42:07 +0000
  
ActionController::RoutingError (No route matches [GET] "/usb"):
  
Started GET "/usb" for 127.0.0.1 at 2022-01-07 14:44:41 +0000
  [1m[35m (0.6ms)[0m  [1m[34mSELECT sqlite_version(*)[0m
  [1m[36mActiveRecord::SchemaMigration Pluck (0.2ms)[0m  [1m[34mSELECT "schema_migrations"."version" FROM "schema_migrations" ORDER BY "schema_migrations"."version" ASC[0m
  
ActionController::RoutingError (No route matches [GET] "/usb"):
  
Started GET "/usbs" for 127.0.0.1 at 2022-01-07 14:45:11 +0000
  
ActionController::RoutingError (No route matches [GET] "/usbs"):
  
Started GET "/usb" for 127.0.0.1 at 2022-01-07 14:55:58 +0000
  [1m[35m (1.3ms)[0m  [1m[34mSELECT sqlite_version(*)[0m
  [1m[36mActiveRecord::SchemaMigration Pluck (0.3ms)[0m  [1m[34mSELECT "schema_migrations"."version" FROM "schema_migrations" ORDER BY "schema_migrations"."version" ASC[0m
  
ActionController::RoutingError (No route matches [GET] "/usb"):
  
Started GET "/usbs" for 127.0.0.1 at 2022-01-07 14:56:07 +0000
Processing by UsbsController#show as HTML
Completed 404 Not Found in 4ms (ActiveRecord: 0.4ms | Allocations: 1196)


  
ActiveRecord::RecordNotFound (Couldn't find Usb without an ID):
  
app/controllers/usbs_controller.rb:44:in `set_usb'
Started GET "/usb" for 127.0.0.1 at 2022-01-07 14:56:54 +0000
  [1m[35m (0.7ms)[0m  [1m[34mSELECT sqlite_version(*)[0m
  [1m[36mActiveRecord::SchemaMigration Pluck (0.1ms)[0m  [1m[34mSELECT "schema_migrations"."version" FROM "schema_migrations" ORDER BY "schema_migrations"."version" ASC[0m
  
ActionController::RoutingError (No route matches [GET] "/usb"):
  
Started GET "/usb" for 127.0.0.1 at 2022-01-07 15:00:35 +0000
  [1m[35m (0.6ms)[0m  [1m[34mSELECT sqlite_version(*)[0m
  [1m[36mActiveRecord::SchemaMigration Pluck (0.1ms)[0m  [1m[34mSELECT "schema_migrations"."version" FROM "schema_migrations" ORDER BY "schema_migrations"."version" ASC[0m
  
ActionController::RoutingError (No route matches [GET] "/usb"):
  
Started GET "/usbs" for 127.0.0.1 at 2022-01-07 15:00:39 +0000
  
AbstractController::ActionNotFound (The action 'list' could not be found for UsbsController):
  
actionpack (7.0.1) lib/abstract_controller/base.rb:146:in `process'
actionpack (7.0.1) lib/action_controller/metal.rb:188:in `dispatch'
actionpack (7.0.1) lib/action_controller/metal.rb:251:in `dispatch'
actionpack (7.0.1) lib/action_dispatch/routing/route_set.rb:49:in `dispatch'
actionpack (7.0.1) lib/action_dispatch/routing/route_set.rb:32:in `serve'
actionpack (7.0.1) lib/action_dispatch/journey/router.rb:50:in `block in serve'
actionpack (7.0.1) lib/action_dispatch/journey/router.rb:32:in `each'
actionpack (7.0.1) lib/action_dispatch/journey/router.rb:32:in `serve'
actionpack (7.0.1) lib/action_dispatch/routing/route_set.rb:850:in `call'
rack (2.2.3) lib/rack/etag.rb:27:in `call'
rack (2.2.3) lib/rack/conditional_get.rb:27:in `call'
rack (2.2.3) lib/rack/head.rb:12:in `call'
activerecord (7.0.1) lib/active_record/migration.rb:603:in `call'
actionpack (7.0.1) lib/action_dispatch/middleware/callbacks.rb:27:in `block in call'
activesupport (7.0.1) lib/active_support/callbacks.rb:99:in `run_callbacks'
actionpack (7.0.1) lib/action_dispatch/middleware/callbacks.rb:26:in `call'
actionpack (7.0.1) lib/action_dispatch/middleware/executor.rb:14:in `call'
actionpack (7.0.1) lib/action_dispatch/middleware/actionable_exceptions.rb:17:in `call'
actionpack (7.0.1) lib/action_dispatch/middleware/debug_exceptions.rb:28:in `call'
actionpack (7.0.1) lib/action_dispatch/middleware/show_exceptions.rb:26:in `call'
railties (7.0.1) lib/rails/rack/logger.rb:36:in `call_app'
railties (7.0.1) lib/rails/rack/logger.rb:25:in `block in call'
activesupport (7.0.1) lib/active_support/tagged_logging.rb:99:in `block in tagged'
activesupport (7.0.1) lib/active_support/tagged_logging.rb:37:in `tagged'
activesupport (7.0.1) lib/active_support/tagged_logging.rb:99:in `tagged'
railties (7.0.1) lib/rails/rack/logger.rb:25:in `call'
actionpack (7.0.1) lib/action_dispatch/middleware/remote_ip.rb:93:in `call'
actionpack (7.0.1) lib/action_dispatch/middleware/request_id.rb:26:in `call'
rack (2.2.3) lib/rack/runtime.rb:22:in `call'
activesupport (7.0.1) lib/active_support/cache/strategy/local_cache_middleware.rb:29:in `call'
actionpack (7.0.1) lib/action_dispatch/middleware/server_timing.rb:20:in `call'
actionpack (7.0.1) lib/action_dispatch/middleware/executor.rb:14:in `call'
actionpack (7.0.1) lib/action_dispatch/middleware/static.rb:23:in `call'
rack (2.2.3) lib/rack/sendfile.rb:110:in `call'
actionpack (7.0.1) lib/action_dispatch/middleware/host_authorization.rb:137:in `call'
railties (7.0.1) lib/rails/engine.rb:530:in `call'
puma (5.5.2) lib/puma/configuration.rb:249:in `call'
puma (5.5.2) lib/puma/request.rb:77:in `block in handle_request'
puma (5.5.2) lib/puma/thread_pool.rb:340:in `with_force_shutdown'
puma (5.5.2) lib/puma/request.rb:76:in `handle_request'
puma (5.5.2) lib/puma/server.rb:447:in `process_client'
puma (5.5.2) lib/puma/thread_pool.rb:147:in `block in spawn_thread'
Started GET "/arduinos" for 127.0.0.1 at 2022-01-07 15:01:01 +0000
  
AbstractController::ActionNotFound (The action 'list' could not be found for ArduinosController):
  
actionpack (7.0.1) lib/abstract_controller/base.rb:146:in `process'
actionpack (7.0.1) lib/action_controller/metal.rb:188:in `dispatch'
actionpack (7.0.1) lib/action_controller/metal.rb:251:in `dispatch'
actionpack (7.0.1) lib/action_dispatch/routing/route_set.rb:49:in `dispatch'
actionpack (7.0.1) lib/action_dispatch/routing/route_set.rb:32:in `serve'
actionpack (7.0.1) lib/action_dispatch/journey/router.rb:50:in `block in serve'
actionpack (7.0.1) lib/action_dispatch/journey/router.rb:32:in `each'
actionpack (7.0.1) lib/action_dispatch/journey/router.rb:32:in `serve'
actionpack (7.0.1) lib/action_dispatch/routing/route_set.rb:850:in `call'
rack (2.2.3) lib/rack/etag.rb:27:in `call'
rack (2.2.3) lib/rack/conditional_get.rb:27:in `call'
rack (2.2.3) lib/rack/head.rb:12:in `call'
activerecord (7.0.1) lib/active_record/migration.rb:603:in `call'
actionpack (7.0.1) lib/action_dispatch/middleware/callbacks.rb:27:in `block in call'
activesupport (7.0.1) lib/active_support/callbacks.rb:99:in `run_callbacks'
actionpack (7.0.1) lib/action_dispatch/middleware/callbacks.rb:26:in `call'
actionpack (7.0.1) lib/action_dispatch/middleware/executor.rb:14:in `call'
actionpack (7.0.1) lib/action_dispatch/middleware/actionable_exceptions.rb:17:in `call'
actionpack (7.0.1) lib/action_dispatch/middleware/debug_exceptions.rb:28:in `call'
actionpack (7.0.1) lib/action_dispatch/middleware/show_exceptions.rb:26:in `call'
railties (7.0.1) lib/rails/rack/logger.rb:36:in `call_app'
railties (7.0.1) lib/rails/rack/logger.rb:25:in `block in call'
activesupport (7.0.1) lib/active_support/tagged_logging.rb:99:in `block in tagged'
activesupport (7.0.1) lib/active_support/tagged_logging.rb:37:in `tagged'
activesupport (7.0.1) lib/active_support/tagged_logging.rb:99:in `tagged'
railties (7.0.1) lib/rails/rack/logger.rb:25:in `call'
actionpack (7.0.1) lib/action_dispatch/middleware/remote_ip.rb:93:in `call'
actionpack (7.0.1) lib/action_dispatch/middleware/request_id.rb:26:in `call'
rack (2.2.3) lib/rack/runtime.rb:22:in `call'
activesupport (7.0.1) lib/active_support/cache/strategy/local_cache_middleware.rb:29:in `call'
actionpack (7.0.1) lib/action_dispatch/middleware/server_timing.rb:20:in `call'
actionpack (7.0.1) lib/action_dispatch/middleware/executor.rb:14:in `call'
actionpack (7.0.1) lib/action_dispatch/middleware/static.rb:23:in `call'
rack (2.2.3) lib/rack/sendfile.rb:110:in `call'
actionpack (7.0.1) lib/action_dispatch/middleware/host_authorization.rb:137:in `call'
railties (7.0.1) lib/rails/engine.rb:530:in `call'
puma (5.5.2) lib/puma/configuration.rb:249:in `call'
puma (5.5.2) lib/puma/request.rb:77:in `block in handle_request'
puma (5.5.2) lib/puma/thread_pool.rb:340:in `with_force_shutdown'
puma (5.5.2) lib/puma/request.rb:76:in `handle_request'
puma (5.5.2) lib/puma/server.rb:447:in `process_client'
puma (5.5.2) lib/puma/thread_pool.rb:147:in `block in spawn_thread'
Started GET "/usbs" for 127.0.0.1 at 2022-01-07 15:06:05 +0000
  [1m[35m (0.5ms)[0m  [1m[34mSELECT sqlite_version(*)[0m
  [1m[36mActiveRecord::SchemaMigration Pluck (0.1ms)[0m  [1m[34mSELECT "schema_migrations"."version" FROM "schema_migrations" ORDER BY "schema_migrations"."version" ASC[0m
Processing by UsbsController#list as HTML
  [1m[36mUsb Load (0.4ms)[0m  [1m[34mSELECT "usbs".* FROM "usbs"[0m
  ↳ app/controllers/usbs_controller.rb:8:in `list'
Completed 200 OK in 20ms (Views: 1.0ms | ActiveRecord: 0.4ms | Allocations: 15792)


Started GET "/usbs" for 127.0.0.1 at 2022-01-07 15:08:32 +0000
  [1m[35m (0.6ms)[0m  [1m[34mSELECT sqlite_version(*)[0m
  [1m[36mActiveRecord::SchemaMigration Pluck (0.1ms)[0m  [1m[34mSELECT "schema_migrations"."version" FROM "schema_migrations" ORDER BY "schema_migrations"."version" ASC[0m
Processing by UsbsController#list as HTML
Completed 404 Not Found in 3ms (ActiveRecord: 0.4ms | Allocations: 1179)


  
ActiveRecord::RecordNotFound (Couldn't find Usb without an ID):
  
app/controllers/usbs_controller.rb:14:in `set_usb'
Started GET "/usbs" for 127.0.0.1 at 2022-01-07 15:09:46 +0000
  [1m[35m (0.8ms)[0m  [1m[34mSELECT sqlite_version(*)[0m
  [1m[36mActiveRecord::SchemaMigration Pluck (0.2ms)[0m  [1m[34mSELECT "schema_migrations"."version" FROM "schema_migrations" ORDER BY "schema_migrations"."version" ASC[0m
Processing by UsbsController#list as HTML
Completed 500 Internal Server Error in 3ms (ActiveRecord: 0.0ms | Allocations: 1652)


  
NoMethodError (undefined method `set_usb' for #<UsbsController:0x00000000003f98>
Did you mean?  set_request!):
  
activesupport (7.0.1) lib/active_support/callbacks.rb:400:in `block in make_lambda'
activesupport (7.0.1) lib/active_support/callbacks.rb:180:in `block (2 levels) in halting_and_conditional'
actionpack (7.0.1) lib/abstract_controller/callbacks.rb:34:in `block (2 levels) in <module:Callbacks>'
activesupport (7.0.1) lib/active_support/callbacks.rb:181:in `block in halting_and_conditional'
activesupport (7.0.1) lib/active_support/callbacks.rb:595:in `block in invoke_before'
activesupport (7.0.1) lib/active_support/callbacks.rb:595:in `each'
activesupport (7.0.1) lib/active_support/callbacks.rb:595:in `invoke_before'
activesupport (7.0.1) lib/active_support/callbacks.rb:106:in `run_callbacks'
actionpack (7.0.1) lib/abstract_controller/callbacks.rb:233:in `process_action'
actionpack (7.0.1) lib/action_controller/metal/rescue.rb:22:in `process_action'
actionpack (7.0.1) lib/action_controller/metal/instrumentation.rb:67:in `block in process_action'
activesupport (7.0.1) lib/active_support/notifications.rb:206:in `block in instrument'
activesupport (7.0.1) lib/active_support/notifications/instrumenter.rb:24:in `instrument'
activesupport (7.0.1) lib/active_support/notifications.rb:206:in `instrument'
actionpack (7.0.1) lib/action_controller/metal/instrumentation.rb:66:in `process_action'
actionpack (7.0.1) lib/action_controller/metal/params_wrapper.rb:259:in `process_action'
activerecord (7.0.1) lib/active_record/railties/controller_runtime.rb:27:in `process_action'
actionpack (7.0.1) lib/abstract_controller/base.rb:151:in `process'
actionpack (7.0.1) lib/action_controller/metal.rb:188:in `dispatch'
actionpack (7.0.1) lib/action_controller/metal.rb:251:in `dispatch'
actionpack (7.0.1) lib/action_dispatch/routing/route_set.rb:49:in `dispatch'
actionpack (7.0.1) lib/action_dispatch/routing/route_set.rb:32:in `serve'
actionpack (7.0.1) lib/action_dispatch/journey/router.rb:50:in `block in serve'
actionpack (7.0.1) lib/action_dispatch/journey/router.rb:32:in `each'
actionpack (7.0.1) lib/action_dispatch/journey/router.rb:32:in `serve'
actionpack (7.0.1) lib/action_dispatch/routing/route_set.rb:850:in `call'
rack (2.2.3) lib/rack/etag.rb:27:in `call'
rack (2.2.3) lib/rack/conditional_get.rb:27:in `call'
rack (2.2.3) lib/rack/head.rb:12:in `call'
activerecord (7.0.1) lib/active_record/migration.rb:603:in `call'
actionpack (7.0.1) lib/action_dispatch/middleware/callbacks.rb:27:in `block in call'
activesupport (7.0.1) lib/active_support/callbacks.rb:99:in `run_callbacks'
actionpack (7.0.1) lib/action_dispatch/middleware/callbacks.rb:26:in `call'
actionpack (7.0.1) lib/action_dispatch/middleware/executor.rb:14:in `call'
actionpack (7.0.1) lib/action_dispatch/middleware/actionable_exceptions.rb:17:in `call'
actionpack (7.0.1) lib/action_dispatch/middleware/debug_exceptions.rb:28:in `call'
actionpack (7.0.1) lib/action_dispatch/middleware/show_exceptions.rb:26:in `call'
railties (7.0.1) lib/rails/rack/logger.rb:36:in `call_app'
railties (7.0.1) lib/rails/rack/logger.rb:25:in `block in call'
activesupport (7.0.1) lib/active_support/tagged_logging.rb:99:in `block in tagged'
activesupport (7.0.1) lib/active_support/tagged_logging.rb:37:in `tagged'
activesupport (7.0.1) lib/active_support/tagged_logging.rb:99:in `tagged'
railties (7.0.1) lib/rails/rack/logger.rb:25:in `call'
actionpack (7.0.1) lib/action_dispatch/middleware/remote_ip.rb:93:in `call'
actionpack (7.0.1) lib/action_dispatch/middleware/request_id.rb:26:in `call'
rack (2.2.3) lib/rack/runtime.rb:22:in `call'
activesupport (7.0.1) lib/active_support/cache/strategy/local_cache_middleware.rb:29:in `call'
actionpack (7.0.1) lib/action_dispatch/middleware/server_timing.rb:20:in `call'
actionpack (7.0.1) lib/action_dispatch/middleware/executor.rb:14:in `call'
actionpack (7.0.1) lib/action_dispatch/middleware/static.rb:23:in `call'
rack (2.2.3) lib/rack/sendfile.rb:110:in `call'
actionpack (7.0.1) lib/action_dispatch/middleware/host_authorization.rb:137:in `call'
railties (7.0.1) lib/rails/engine.rb:530:in `call'
puma (5.5.2) lib/puma/configuration.rb:249:in `call'
puma (5.5.2) lib/puma/request.rb:77:in `block in handle_request'
puma (5.5.2) lib/puma/thread_pool.rb:340:in `with_force_shutdown'
puma (5.5.2) lib/puma/request.rb:76:in `handle_request'
puma (5.5.2) lib/puma/server.rb:447:in `process_client'
puma (5.5.2) lib/puma/thread_pool.rb:147:in `block in spawn_thread'
Started GET "/usbs" for 127.0.0.1 at 2022-01-07 15:11:46 +0000
  [1m[35m (1.1ms)[0m  [1m[34mSELECT sqlite_version(*)[0m
  [1m[36mActiveRecord::SchemaMigration Pluck (0.1ms)[0m  [1m[34mSELECT "schema_migrations"."version" FROM "schema_migrations" ORDER BY "schema_migrations"."version" ASC[0m
Processing by UsbsController#list as HTML
  [1m[36mUsb Load (0.2ms)[0m  [1m[34mSELECT "usbs".* FROM "usbs"[0m
  ↳ app/controllers/usbs_controller.rb:7:in `list'
Completed 200 OK in 18ms (Views: 0.9ms | ActiveRecord: 0.2ms | Allocations: 15773)


Started GET "/arduinos" for 127.0.0.1 at 2022-01-07 15:11:51 +0000
Processing by ArduinosController#list as HTML
  [1m[36mArduino Load (0.4ms)[0m  [1m[34mSELECT "arduinos".* FROM "arduinos"[0m
  ↳ app/controllers/arduinos_controller.rb:8:in `list'
Completed 200 OK in 4ms (Views: 1.2ms | ActiveRecord: 0.4ms | Allocations: 892)


Started GET "/usb" for 127.0.0.1 at 2022-01-07 15:11:56 +0000
  
ActionController::RoutingError (No route matches [GET] "/usb"):
  
